10:04:10 **** Incremental Build of configuration Release for project Lab2 ****
make all 
Building file: ../SRC/main.c
Invoking: AVR Compiler
avr-gcc -I"R:\RBE3001workspace\RBELib\include" -Wall -Os -fpack-struct -fshort-enums -ffunction-sections -fdata-sections -std=gnu99 -funsigned-char -funsigned-bitfields -mmcu=atmega644p -DF_CPU=18432000UL -MMD -MP -MF"SRC/main.d" -MT"SRC/main.d" -c -o "SRC/main.o" "../SRC/main.c"
Finished building: ../SRC/main.c
 
Building target: Lab2.elf
Invoking: AVR C Linker
avr-gcc -Wl,-Map,Lab2.map -Wl,-u,vfprintf -lprintf_flt -lm -L"R:\RBE3001workspace\RBELib\Release" -mmcu=atmega644p -o "Lab2.elf"  ./SRC/USART.o ./SRC/main.o   -lRBELib -lm
Finished building target: Lab2.elf
 
Invoking: AVR Create Extended Listing
avr-objdump -h -S Lab2.elf  >"Lab2.lss"
Finished building: Lab2.lss
 
Create Flash image (ihex format)
avr-objcopy -R .eeprom -R .fuse -R .lock -R .signature -O ihex Lab2.elf  "Lab2.hex"
Finished building: Lab2.hex
 
Create eeprom image (ihex format)
avr-objcopy -j .eeprom --no-change-warnings --change-section-lma .eeprom=0 -O ihex Lab2.elf  "Lab2.eep"
Finished building: Lab2.eep
 
Invoking: Print Size
avr-size --format=avr --mcu=atmega644p Lab2.elf
AVR Memory Usage
----------------
Device: atmega644p

Program:    6014 bytes (9.2% Full)
(.text + .data + .bootloader)

Data:         97 bytes (2.4% Full)
(.data + .bss + .noinit)


Finished building: sizedummy
 

10:04:13 Build Finished (took 2s.840ms)

